Runing precision example with:
num. features: 128
num. nodes: 1000000
num. trees: 1
num. inspect nodes: 100

enter test function, args: dim = 128num of vectors = 1000000num of query times = 5num of results = 1n_trees = 1
Building index ... be patient !!
"Trees that are slow to grow bear the best fruit" (Moliere)
start load data from /Users/ophunter/Documents/workspace/data/sift-128-euclidean.hdf5
data load finished, new dim: 128, new num of vectors: 1000000
start insert vectors into AnnoyIndex...
Insert Done in 1 secs.

Building index num_trees = 1 ...
Build Index Done in 14 secs.
index info: 
>>>>>>>>>>>>>>>after build index info:
main member of annoy index: 
dim: 128
size of each node: 524
num of vectors: 1000000
num of nodes: 1026256
size of nodes array: 1049088
num of child: 130
is loaded: 0
is verbose: 0
fd: 0
is on disk: 0
is built: 1
>>>>>>>>>>>>>>>
Saving index ...save succ!
Save Done
>>>>>>>>>>>>>>>after save info:
main member of annoy index: 
dim: 128
size of each node: 524
num of vectors: 1000000
num of nodes: 1026256
size of nodes array: 0
num of child: 130
is loaded: 1
is verbose: 0
fd: 3
is on disk: 0
is built: 1
>>>>>>>>>>>>>>>
query id: 16808
enter delete by id, item: 16808
got node at:0x12a7da3e0, current n_item: 1000000, des: 1
addr of node x: 0x12a7da3e0, addr of x->n_descendants: 0x12a7da3e0
fd : 3
got node at:0x12a7da3e0, current n_item: 1000000, des: 0
delete succ!
the deleted vec:
4  0  0  0  10  25  19  12  1  0  0  0  14  112  101  9  64  13  0  0  1  66  49  55  35  13  5  10  56  21  6  10  44  9  0  10  77  53  14  34  13  20  43  29  112  105  35  12  112  13  4  3  18  21  24  112  86  5  2  12  107  40  9  30  88  28  6  26  36  13  6  18  0  17  80  78  112  17  1  0  98  111  88  24  68  11  2  30  66  42  45  17  23  10  8  26  18  51  33  7  1  1  2  7  3  32  112  57  18  4  0  1  2  81  112  39  4  0  0  0  27  24  27  26  1  0  0  13  
the 1th query result:
result id: 169659
4  11  4  2  27  28  36  17  2  0  0  1  24  59  118  19  56  33  14  2  0  63  118  25  6  20  21  25  11  7  7  1  42  6  2  15  28  20  36  53  9  2  2  44  114  76  35  9  118  18  8  5  9  10  23  118  44  8  10  34  81  12  5  47  103  30  7  22  16  0  0  5  13  21  74  118  118  1  0  1  118  111  93  18  5  0  0  29  82  18  19  43  28  1  0  21  33  68  21  7  2  0  0  6  4  57  118  35  16  3  1  6  13  79  117  36  14  7  0  0  17  26  26  8  24  16  8  10  
-------------------------------------------------------------------------
query id: 475250
enter delete by id, item: 475250
got node at:0x138cf2958, current n_item: 1000000, des: 1
addr of node x: 0x138cf2958, addr of x->n_descendants: 0x138cf2958
fd : 3
got node at:0x138cf2958, current n_item: 1000000, des: 0
delete succ!
the deleted vec:
79  58  4  0  0  0  0  21  89  110  16  0  0  19  56  42  15  13  4  2  0  61  129  18  20  2  0  3  1  14  45  33  69  3  0  0  1  12  40  39  50  9  0  0  4  129  129  35  70  47  0  0  0  111  129  57  129  115  0  0  0  5  27  77  0  0  0  5  12  7  8  2  8  3  1  9  26  11  15  0  129  59  0  0  0  0  2  31  129  74  0  0  0  0  21  85  0  1  1  4  6  0  0  0  2  0  0  9  24  5  1  1  38  0  0  0  0  1  16  66  23  0  0  0  0  0  40  129  
the 2th query result:
result id: 477254
78  83  5  0  0  0  0  26  74  119  15  0  0  14  35  39  9  8  3  10  3  45  96  17  19  10  2  3  1  4  14  16  81  2  0  0  0  9  42  58  54  4  0  0  0  130  130  51  110  58  0  0  0  93  130  85  130  81  0  0  0  2  12  51  2  1  1  4  2  5  14  5  15  6  1  14  6  12  24  1  130  78  0  0  0  0  7  50  129  52  0  0  0  1  37  68  3  2  0  1  1  0  0  0  5  1  0  7  14  3  1  2  51  0  0  0  0  0  27  89  37  0  0  0  0  0  47  130  
-------------------------------------------------------------------------
query id: 650074
enter delete by id, item: 650074
got node at:0x13e44fc38, current n_item: 1000000, des: 1
addr of node x: 0x13e44fc38, addr of x->n_descendants: 0x13e44fc38
fd : 3
got node at:0x13e44fc38, current n_item: 1000000, des: 0
delete succ!
the deleted vec:
0  11  41  6  1  12  32  7  0  2  122  22  3  9  87  22  5  2  120  30  10  6  53  11  7  29  106  6  0  0  1  2  0  0  0  1  1  48  132  3  10  2  0  0  1  34  132  31  132  9  1  0  3  5  122  106  132  46  21  0  0  0  0  38  2  0  0  0  0  12  39  2  76  31  0  0  0  1  22  9  132  132  10  0  0  0  1  22  110  28  13  4  0  0  0  79  6  0  0  0  0  0  1  1  97  11  0  0  0  0  0  6  132  41  7  1  0  0  0  49  36  12  14  25  0  0  0  28  
the 3th query result:
result id: 650286
1  8  48  2  4  3  44  11  1  16  68  18  4  13  89  12  2  1  106  47  4  6  92  18  10  20  100  20  1  0  7  6  0  0  0  1  6  104  137  9  1  0  0  0  1  57  137  10  99  8  0  1  1  8  137  104  137  37  17  1  0  0  8  63  0  0  0  0  0  34  53  0  25  3  0  0  0  10  34  5  137  83  0  0  0  0  4  17  137  63  6  0  0  0  0  58  0  0  0  0  0  0  1  1  28  1  0  0  0  0  0  7  137  14  0  0  0  0  0  25  111  20  8  4  0  0  0  23  
-------------------------------------------------------------------------
query id: 943659
enter delete by id, item: 943659
got node at:0x147706004, current n_item: 1000000, des: 1
addr of node x: 0x147706004, addr of x->n_descendants: 0x147706004
fd : 3
got node at:0x147706004, current n_item: 1000000, des: 0
delete succ!
the deleted vec:
1  0  0  7  114  11  0  0  13  25  25  4  23  4  3  8  119  16  34  11  1  3  3  26  147  3  0  3  7  4  0  41  1  0  1  68  143  4  0  0  29  17  19  24  28  2  16  35  132  22  23  10  4  14  25  24  147  7  5  16  8  1  8  72  0  2  76  129  45  1  8  0  4  43  147  52  10  1  11  3  37  73  147  1  0  0  3  5  123  70  53  4  8  7  27  51  0  4  21  11  0  6  39  5  10  20  58  3  0  6  44  12  34  57  59  3  1  0  9  9  8  47  52  6  4  1  1  5  
the 4th query result:
result id: 949997
0  0  0  6  128  18  0  0  10  19  20  7  44  2  2  1  101  22  39  2  2  1  2  21  145  4  0  2  3  2  0  47  0  0  0  54  145  8  0  0  29  15  17  29  47  0  15  28  99  28  34  1  8  8  35  27  145  13  6  8  3  1  8  63  0  1  66  124  52  2  6  0  2  48  145  71  15  1  10  3  26  96  145  15  0  0  3  4  125  90  47  6  7  10  15  35  2  2  25  9  0  8  43  3  8  23  62  4  0  8  46  12  37  57  57  14  0  0  10  11  10  59  51  6  2  0  2  5  
-------------------------------------------------------------------------
query id: 108931
enter delete by id, item: 108931
got node at:0x12d5e3824, current n_item: 1000000, des: 1
addr of node x: 0x12d5e3824, addr of x->n_descendants: 0x12d5e3824
fd : 3
got node at:0x12d5e3824, current n_item: 1000000, des: 0
delete succ!
the deleted vec:
0  0  0  0  0  61  130  42  1  0  0  0  0  130  130  59  87  41  0  0  3  130  55  22  62  81  12  10  25  8  1  3  12  5  8  7  5  34  107  33  21  5  6  2  5  113  113  77  130  31  2  0  0  53  37  76  104  15  0  0  17  23  30  69  7  14  11  20  24  4  0  0  19  40  24  5  15  16  4  2  130  86  10  0  1  22  25  34  38  1  0  0  7  29  57  122  1  5  15  25  14  0  0  0  19  16  20  21  13  4  1  8  63  18  9  10  6  19  10  43  17  2  5  10  11  14  10  69  
the 5th query result:
result id: 188617
1  0  0  0  0  55  125  33  3  0  0  0  11  133  133  67  84  7  0  0  8  124  96  58  86  14  0  0  20  33  4  11  0  0  0  0  0  108  115  5  16  0  0  0  2  104  133  24  133  33  0  0  0  21  23  81  120  21  0  0  39  40  8  9  1  0  0  0  0  33  22  3  26  10  5  4  3  15  2  2  133  38  1  0  0  3  32  67  50  5  0  0  4  22  57  76  6  0  0  0  0  6  2  2  24  9  2  0  0  1  2  4  33  7  0  0  0  2  34  63  48  0  0  0  0  0  28  81  
-------------------------------------------------------------------------
Query Done in 0 secs. of 5 times query

Test Done
